<?xml version="1.0" encoding="UTF-8"?>
<!-- Generated by org.testng.reporters.JUnitReportReporter -->
<testsuite hostname="DESKTOP-F5DJMQV" failures="0" tests="2" name="com.basics.parallelTest" time="2.678" errors="0" timestamp="2023-12-12T12:24:24 IST" skipped="0">
  <testcase classname="com.basics.parallelTest" name="openGoogle" time="0.518"/>
  <testcase classname="com.basics.parallelTest" name="openGoogle" time="2.160"/>
</testsuite> <!-- com.basics.parallelTest -->
